<?xml version="1.0" encoding="UTF-8"?>
<!-- Generated by org.testng.reporters.JUnitReportReporter -->
<testsuite skipped="0" hostname="LMKT-LT-81" name="com.Stella.Assignment.ValidatorClass" tests="4" failures="0" timestamp="13 Sep 2017 05:35:11 GMT" time="14.330" errors="0">
  <testcase name="RegisterLinkValidator" time="10.673" classname="com.Stella.Assignment.ValidatorClass"/>
  <testcase name="SupportLinkValidator" time="1.211" classname="com.Stella.Assignment.ValidatorClass"/>
  <testcase name="ContactLinkValidator" time="1.153" classname="com.Stella.Assignment.ValidatorClass"/>
  <testcase name="SignOnLinkValidator" time="1.293" classname="com.Stella.Assignment.ValidatorClass"/>
</testsuite> <!-- com.Stella.Assignment.ValidatorClass -->
