<?xml version="1.0" encoding="UTF-8"?>
<!-- Generated by org.testng.reporters.JUnitReportReporter -->
<testsuite skipped="0" hostname="LMKT-LT-81" name="com.Stella.Assignment.NewUserRegistration" tests="2" failures="0" timestamp="12 Sep 2017 09:13:14 GMT" time="25.503" errors="0">
  <testcase name="NewUserRegistration" time="15.267" classname="com.Stella.Assignment.NewUserRegistration"/>
  <testcase name="SignInValidator" time="10.236" classname="com.Stella.Assignment.NewUserRegistration"/>
</testsuite> <!-- com.Stella.Assignment.NewUserRegistration -->
